2026-01-18 04:34:33.622 [main] INFO  com.example.demo.DemoApplication - Starting DemoApplication using Java 21.0.6 with PID 16792 (C:\demo\target\classes started by priya in C:\demo)
2026-01-18 04:34:33.626 [main] DEBUG com.example.demo.DemoApplication - Running with Spring Boot v4.0.1, Spring v7.0.2
2026-01-18 04:34:33.628 [main] INFO  com.example.demo.DemoApplication - No active profile set, falling back to 1 default profile: "default"
2026-01-18 04:34:34.839 [main] INFO  o.s.d.r.c.RepositoryConfigurationDelegate - Bootstrapping Spring Data JPA repositories in DEFAULT mode.
2026-01-18 04:34:34.932 [main] INFO  o.s.d.r.c.RepositoryConfigurationDelegate - Finished Spring Data repository scanning in 78 ms. Found 3 JPA repository interfaces.
2026-01-18 04:34:35.965 [main] INFO  o.s.boot.tomcat.TomcatWebServer - Tomcat initialized with port 8080 (http)
2026-01-18 04:34:35.991 [main] INFO  o.a.coyote.http11.Http11NioProtocol - Initializing ProtocolHandler ["http-nio-8080"]
2026-01-18 04:34:35.995 [main] INFO  o.a.catalina.core.StandardService - Starting service [Tomcat]
2026-01-18 04:34:35.996 [main] INFO  o.a.catalina.core.StandardEngine - Starting Servlet engine: [Apache Tomcat/11.0.15]
2026-01-18 04:34:36.105 [main] INFO  o.s.b.w.c.s.WebApplicationContextInitializer - Root WebApplicationContext: initialization completed in 2390 ms
2026-01-18 04:34:37.354 [main] INFO  o.s.o.j.p.SpringPersistenceUnitInfo - No LoadTimeWeaver setup: ignoring JPA class transformer
2026-01-18 04:34:37.427 [main] INFO  com.zaxxer.hikari.HikariDataSource - HikariPool-1 - Starting...
2026-01-18 04:34:37.868 [main] INFO  com.zaxxer.hikari.pool.HikariPool - HikariPool-1 - Added connection com.mysql.cj.jdbc.ConnectionImpl@674ed201
2026-01-18 04:34:37.871 [main] INFO  com.zaxxer.hikari.HikariDataSource - HikariPool-1 - Start completed.
2026-01-18 04:34:37.964 [main] WARN  org.hibernate.orm.deprecation - HHH90000025: MySQLDialect does not need to be specified explicitly using 'hibernate.dialect' (remove the property setting and it will be selected by default)
2026-01-18 04:34:39.396 [main] INFO  o.s.o.j.LocalContainerEntityManagerFactoryBean - Initialized JPA EntityManagerFactory for persistence unit 'default'
2026-01-18 04:34:39.504 [main] INFO  o.s.d.j.r.q.QueryEnhancerFactories - Hibernate is in classpath; If applicable, HQL parser will be used.
2026-01-18 04:34:39.850 [main] INFO  o.s.s.c.a.a.c.InitializeAuthenticationProviderBeanManagerConfigurer$InitializeAuthenticationProviderManagerConfigurer - Global AuthenticationManager configured with AuthenticationProvider bean with name authenticationProvider
2026-01-18 04:34:39.851 [main] WARN  o.s.s.c.a.a.c.InitializeUserDetailsBeanManagerConfigurer$InitializeUserDetailsManagerConfigurer - Global AuthenticationManager configured with an AuthenticationProvider bean. UserDetailsService beans will not be used by Spring Security for automatically configuring username/password login. Consider removing the AuthenticationProvider bean. Alternatively, consider using the UserDetailsService in a manually instantiated DaoAuthenticationProvider. If the current configuration is intentional, to turn off this warning, increase the logging level of 'org.springframework.security.config.annotation.authentication.configuration.InitializeUserDetailsBeanManagerConfigurer' to ERROR
2026-01-18 04:34:39.879 [main] WARN  o.s.b.j.a.JpaBaseConfiguration$JpaWebConfiguration - spring.jpa.open-in-view is enabled by default. Therefore, database queries may be performed during view rendering. Explicitly configure spring.jpa.open-in-view to disable this warning
2026-01-18 04:34:40.536 [main] INFO  o.a.coyote.http11.Http11NioProtocol - Starting ProtocolHandler ["http-nio-8080"]
2026-01-18 04:34:40.571 [main] INFO  o.s.boot.tomcat.TomcatWebServer - Tomcat started on port 8080 (http) with context path '/'
2026-01-18 04:34:40.579 [main] INFO  com.example.demo.DemoApplication - Started DemoApplication in 7.942 seconds (process running for 9.133)
2026-01-18 04:35:34.440 [http-nio-8080-exec-2] INFO  o.a.c.c.C.[Tomcat].[localhost].[/] - Initializing Spring DispatcherServlet 'dispatcherServlet'
2026-01-18 04:35:34.440 [http-nio-8080-exec-2] INFO  o.s.web.servlet.DispatcherServlet - Initializing Servlet 'dispatcherServlet'
2026-01-18 04:35:34.443 [http-nio-8080-exec-2] INFO  o.s.web.servlet.DispatcherServlet - Completed initialization in 2 ms
2026-01-18 04:35:34.727 [http-nio-8080-exec-2] INFO  c.e.demo.controller.AuthController - Login attempt for username: admin
2026-01-18 04:35:34.822 [http-nio-8080-exec-2] DEBUG c.e.d.service.UserDetailsServiceImpl - Attempting to load user by username: 'admin'
2026-01-18 04:35:34.826 [http-nio-8080-exec-2] INFO  c.e.d.service.UserDetailsServiceImpl - User 'admin' loaded successfully with role: ADMIN
2026-01-18 04:35:34.826 [http-nio-8080-exec-2] DEBUG c.e.d.service.UserDetailsServiceImpl - UserDetails object created for user 'admin' with authorities: [ROLE_ADMIN]
2026-01-18 04:36:30.740 [SpringApplicationShutdownHook] INFO  o.s.boot.tomcat.GracefulShutdown - Commencing graceful shutdown. Waiting for active requests to complete
2026-01-18 04:36:30.769 [tomcat-shutdown] INFO  o.s.boot.tomcat.GracefulShutdown - Graceful shutdown complete
2026-01-18 04:36:30.775 [SpringApplicationShutdownHook] INFO  o.s.o.j.LocalContainerEntityManagerFactoryBean - Closing JPA EntityManagerFactory for persistence unit 'default'
2026-01-18 04:36:30.788 [SpringApplicationShutdownHook] INFO  com.zaxxer.hikari.HikariDataSource - HikariPool-1 - Shutdown initiated...
2026-01-18 04:36:30.803 [SpringApplicationShutdownHook] INFO  com.zaxxer.hikari.HikariDataSource - HikariPool-1 - Shutdown completed.
2026-01-18 05:07:05.272 [main] INFO  c.example.demo.DemoApplicationTests - Starting DemoApplicationTests using Java 21.0.6 with PID 17124 (started by priya in C:\demo)
2026-01-18 05:07:05.274 [main] DEBUG c.example.demo.DemoApplicationTests - Running with Spring Boot v4.0.1, Spring v7.0.2
2026-01-18 05:07:05.275 [main] INFO  c.example.demo.DemoApplicationTests - No active profile set, falling back to 1 default profile: "default"
2026-01-18 05:07:06.147 [main] INFO  o.s.d.r.c.RepositoryConfigurationDelegate - Bootstrapping Spring Data JPA repositories in DEFAULT mode.
2026-01-18 05:07:06.240 [main] INFO  o.s.d.r.c.RepositoryConfigurationDelegate - Finished Spring Data repository scanning in 77 ms. Found 3 JPA repository interfaces.
2026-01-18 05:07:07.497 [main] INFO  o.s.o.j.p.SpringPersistenceUnitInfo - No LoadTimeWeaver setup: ignoring JPA class transformer
2026-01-18 05:07:07.546 [main] INFO  com.zaxxer.hikari.HikariDataSource - HikariPool-1 - Starting...
2026-01-18 05:07:07.795 [main] INFO  com.zaxxer.hikari.pool.HikariPool - HikariPool-1 - Added connection com.mysql.cj.jdbc.ConnectionImpl@7789526e
2026-01-18 05:07:07.799 [main] INFO  com.zaxxer.hikari.HikariDataSource - HikariPool-1 - Start completed.
2026-01-18 05:07:07.882 [main] WARN  org.hibernate.orm.deprecation - HHH90000025: MySQLDialect does not need to be specified explicitly using 'hibernate.dialect' (remove the property setting and it will be selected by default)
2026-01-18 05:07:09.269 [main] INFO  o.s.o.j.LocalContainerEntityManagerFactoryBean - Initialized JPA EntityManagerFactory for persistence unit 'default'
2026-01-18 05:07:09.407 [main] INFO  o.s.d.j.r.q.QueryEnhancerFactories - Hibernate is in classpath; If applicable, HQL parser will be used.
2026-01-18 05:07:09.727 [main] INFO  o.s.s.c.a.a.c.InitializeAuthenticationProviderBeanManagerConfigurer$InitializeAuthenticationProviderManagerConfigurer - Global AuthenticationManager configured with AuthenticationProvider bean with name authenticationProvider
2026-01-18 05:07:09.728 [main] WARN  o.s.s.c.a.a.c.InitializeUserDetailsBeanManagerConfigurer$InitializeUserDetailsManagerConfigurer - Global AuthenticationManager configured with an AuthenticationProvider bean. UserDetailsService beans will not be used by Spring Security for automatically configuring username/password login. Consider removing the AuthenticationProvider bean. Alternatively, consider using the UserDetailsService in a manually instantiated DaoAuthenticationProvider. If the current configuration is intentional, to turn off this warning, increase the logging level of 'org.springframework.security.config.annotation.authentication.configuration.InitializeUserDetailsBeanManagerConfigurer' to ERROR
2026-01-18 05:07:09.765 [main] WARN  o.s.b.j.a.JpaBaseConfiguration$JpaWebConfiguration - spring.jpa.open-in-view is enabled by default. Therefore, database queries may be performed during view rendering. Explicitly configure spring.jpa.open-in-view to disable this warning
2026-01-18 05:07:10.657 [main] INFO  c.example.demo.DemoApplicationTests - Started DemoApplicationTests in 5.96 seconds (process running for 10.616)
2026-01-18 05:07:11.465 [main] DEBUG c.e.d.service.UserDetailsServiceImpl - Attempting to load user by username: 'testuser'
2026-01-18 05:07:11.465 [main] INFO  c.e.d.service.UserDetailsServiceImpl - User 'testuser' loaded successfully with role: STUDENT
2026-01-18 05:07:11.465 [main] DEBUG c.e.d.service.UserDetailsServiceImpl - UserDetails object created for user 'testuser' with authorities: [ROLE_STUDENT]
2026-01-18 05:07:11.471 [main] DEBUG c.e.d.service.UserDetailsServiceImpl - Attempting to load user by username: 'nonexistent'
2026-01-18 05:07:11.471 [main] ERROR c.e.d.service.UserDetailsServiceImpl - User not found: 'nonexistent'
2026-01-18 05:07:11.472 [main] WARN  c.e.d.service.UserDetailsServiceImpl - Failed to load user: 'nonexistent'
2026-01-18 05:07:11.475 [main] DEBUG c.e.d.service.UserDetailsServiceImpl - Attempting to load user by username: 'admin'
2026-01-18 05:07:11.476 [main] INFO  c.e.d.service.UserDetailsServiceImpl - User 'admin' loaded successfully with role: ADMIN
2026-01-18 05:07:11.476 [main] DEBUG c.e.d.service.UserDetailsServiceImpl - UserDetails object created for user 'admin' with authorities: [ROLE_ADMIN]
2026-01-18 05:07:11.480 [main] DEBUG c.e.d.service.UserDetailsServiceImpl - Attempting to load user by username: 'teacher'
2026-01-18 05:07:11.480 [main] INFO  c.e.d.service.UserDetailsServiceImpl - User 'teacher' loaded successfully with role: ADMIN
2026-01-18 05:07:11.480 [main] DEBUG c.e.d.service.UserDetailsServiceImpl - UserDetails object created for user 'teacher' with authorities: [ROLE_ADMIN]
2026-01-18 05:07:11.512 [SpringApplicationShutdownHook] INFO  o.s.o.j.LocalContainerEntityManagerFactoryBean - Closing JPA EntityManagerFactory for persistence unit 'default'
2026-01-18 05:07:11.516 [SpringApplicationShutdownHook] INFO  com.zaxxer.hikari.HikariDataSource - HikariPool-1 - Shutdown initiated...
2026-01-18 05:07:11.525 [SpringApplicationShutdownHook] INFO  com.zaxxer.hikari.HikariDataSource - HikariPool-1 - Shutdown completed.
2026-01-18 05:08:58.919 [main] INFO  c.example.demo.DemoApplicationTests - Starting DemoApplicationTests using Java 21.0.6 with PID 20808 (started by priya in C:\demo)
2026-01-18 05:08:58.920 [main] DEBUG c.example.demo.DemoApplicationTests - Running with Spring Boot v4.0.1, Spring v7.0.2
2026-01-18 05:08:58.922 [main] INFO  c.example.demo.DemoApplicationTests - No active profile set, falling back to 1 default profile: "default"
2026-01-18 05:08:59.876 [main] INFO  o.s.d.r.c.RepositoryConfigurationDelegate - Bootstrapping Spring Data JPA repositories in DEFAULT mode.
2026-01-18 05:08:59.982 [main] INFO  o.s.d.r.c.RepositoryConfigurationDelegate - Finished Spring Data repository scanning in 87 ms. Found 3 JPA repository interfaces.
2026-01-18 05:09:01.115 [main] INFO  o.s.o.j.p.SpringPersistenceUnitInfo - No LoadTimeWeaver setup: ignoring JPA class transformer
2026-01-18 05:09:01.155 [main] INFO  com.zaxxer.hikari.HikariDataSource - HikariPool-1 - Starting...
2026-01-18 05:09:01.369 [main] INFO  com.zaxxer.hikari.pool.HikariPool - HikariPool-1 - Added connection com.mysql.cj.jdbc.ConnectionImpl@52b7c1d9
2026-01-18 05:09:01.371 [main] INFO  com.zaxxer.hikari.HikariDataSource - HikariPool-1 - Start completed.
2026-01-18 05:09:01.434 [main] WARN  org.hibernate.orm.deprecation - HHH90000025: MySQLDialect does not need to be specified explicitly using 'hibernate.dialect' (remove the property setting and it will be selected by default)
2026-01-18 05:09:02.579 [main] INFO  o.s.o.j.LocalContainerEntityManagerFactoryBean - Initialized JPA EntityManagerFactory for persistence unit 'default'
2026-01-18 05:09:02.719 [main] INFO  o.s.d.j.r.q.QueryEnhancerFactories - Hibernate is in classpath; If applicable, HQL parser will be used.
2026-01-18 05:09:03.047 [main] INFO  o.s.s.c.a.a.c.InitializeAuthenticationProviderBeanManagerConfigurer$InitializeAuthenticationProviderManagerConfigurer - Global AuthenticationManager configured with AuthenticationProvider bean with name authenticationProvider
2026-01-18 05:09:03.049 [main] WARN  o.s.s.c.a.a.c.InitializeUserDetailsBeanManagerConfigurer$InitializeUserDetailsManagerConfigurer - Global AuthenticationManager configured with an AuthenticationProvider bean. UserDetailsService beans will not be used by Spring Security for automatically configuring username/password login. Consider removing the AuthenticationProvider bean. Alternatively, consider using the UserDetailsService in a manually instantiated DaoAuthenticationProvider. If the current configuration is intentional, to turn off this warning, increase the logging level of 'org.springframework.security.config.annotation.authentication.configuration.InitializeUserDetailsBeanManagerConfigurer' to ERROR
2026-01-18 05:09:03.091 [main] WARN  o.s.b.j.a.JpaBaseConfiguration$JpaWebConfiguration - spring.jpa.open-in-view is enabled by default. Therefore, database queries may be performed during view rendering. Explicitly configure spring.jpa.open-in-view to disable this warning
2026-01-18 05:09:03.918 [main] INFO  c.example.demo.DemoApplicationTests - Started DemoApplicationTests in 5.525 seconds (process running for 9.906)
2026-01-18 05:09:04.662 [main] DEBUG c.e.d.service.UserDetailsServiceImpl - Attempting to load user by username: 'testuser'
2026-01-18 05:09:04.664 [main] INFO  c.e.d.service.UserDetailsServiceImpl - User 'testuser' loaded successfully with role: STUDENT
2026-01-18 05:09:04.664 [main] DEBUG c.e.d.service.UserDetailsServiceImpl - UserDetails object created for user 'testuser' with authorities: [ROLE_STUDENT]
2026-01-18 05:09:04.669 [main] DEBUG c.e.d.service.UserDetailsServiceImpl - Attempting to load user by username: 'nonexistent'
2026-01-18 05:09:04.669 [main] ERROR c.e.d.service.UserDetailsServiceImpl - User not found: 'nonexistent'
2026-01-18 05:09:04.669 [main] WARN  c.e.d.service.UserDetailsServiceImpl - Failed to load user: 'nonexistent'
2026-01-18 05:09:04.675 [main] DEBUG c.e.d.service.UserDetailsServiceImpl - Attempting to load user by username: 'admin'
2026-01-18 05:09:04.675 [main] INFO  c.e.d.service.UserDetailsServiceImpl - User 'admin' loaded successfully with role: ADMIN
2026-01-18 05:09:04.676 [main] DEBUG c.e.d.service.UserDetailsServiceImpl - UserDetails object created for user 'admin' with authorities: [ROLE_ADMIN]
2026-01-18 05:09:04.680 [main] DEBUG c.e.d.service.UserDetailsServiceImpl - Attempting to load user by username: 'teacher'
2026-01-18 05:09:04.680 [main] INFO  c.e.d.service.UserDetailsServiceImpl - User 'teacher' loaded successfully with role: ADMIN
2026-01-18 05:09:04.680 [main] DEBUG c.e.d.service.UserDetailsServiceImpl - UserDetails object created for user 'teacher' with authorities: [ROLE_ADMIN]
2026-01-18 05:09:04.710 [SpringApplicationShutdownHook] INFO  o.s.o.j.LocalContainerEntityManagerFactoryBean - Closing JPA EntityManagerFactory for persistence unit 'default'
2026-01-18 05:09:04.712 [SpringApplicationShutdownHook] INFO  com.zaxxer.hikari.HikariDataSource - HikariPool-1 - Shutdown initiated...
2026-01-18 05:09:04.720 [SpringApplicationShutdownHook] INFO  com.zaxxer.hikari.HikariDataSource - HikariPool-1 - Shutdown completed.
2026-01-18 05:10:46.775 [main] INFO  c.example.demo.DemoApplicationTests - Starting DemoApplicationTests using Java 21.0.6 with PID 16744 (started by priya in C:\demo)
2026-01-18 05:10:46.778 [main] DEBUG c.example.demo.DemoApplicationTests - Running with Spring Boot v4.0.1, Spring v7.0.2
2026-01-18 05:10:46.779 [main] INFO  c.example.demo.DemoApplicationTests - No active profile set, falling back to 1 default profile: "default"
2026-01-18 05:10:47.573 [main] INFO  o.s.d.r.c.RepositoryConfigurationDelegate - Bootstrapping Spring Data JPA repositories in DEFAULT mode.
2026-01-18 05:10:47.659 [main] INFO  o.s.d.r.c.RepositoryConfigurationDelegate - Finished Spring Data repository scanning in 71 ms. Found 3 JPA repository interfaces.
2026-01-18 05:10:48.759 [main] INFO  o.s.o.j.p.SpringPersistenceUnitInfo - No LoadTimeWeaver setup: ignoring JPA class transformer
2026-01-18 05:10:48.799 [main] INFO  com.zaxxer.hikari.HikariDataSource - HikariPool-1 - Starting...
2026-01-18 05:10:49.011 [main] INFO  com.zaxxer.hikari.pool.HikariPool - HikariPool-1 - Added connection com.mysql.cj.jdbc.ConnectionImpl@35c9f527
2026-01-18 05:10:49.013 [main] INFO  com.zaxxer.hikari.HikariDataSource - HikariPool-1 - Start completed.
2026-01-18 05:10:49.072 [main] WARN  org.hibernate.orm.deprecation - HHH90000025: MySQLDialect does not need to be specified explicitly using 'hibernate.dialect' (remove the property setting and it will be selected by default)
2026-01-18 05:10:50.280 [main] INFO  o.s.o.j.LocalContainerEntityManagerFactoryBean - Initialized JPA EntityManagerFactory for persistence unit 'default'
2026-01-18 05:10:50.387 [main] INFO  o.s.d.j.r.q.QueryEnhancerFactories - Hibernate is in classpath; If applicable, HQL parser will be used.
2026-01-18 05:10:50.695 [main] INFO  o.s.s.c.a.a.c.InitializeAuthenticationProviderBeanManagerConfigurer$InitializeAuthenticationProviderManagerConfigurer - Global AuthenticationManager configured with AuthenticationProvider bean with name authenticationProvider
2026-01-18 05:10:50.696 [main] WARN  o.s.s.c.a.a.c.InitializeUserDetailsBeanManagerConfigurer$InitializeUserDetailsManagerConfigurer - Global AuthenticationManager configured with an AuthenticationProvider bean. UserDetailsService beans will not be used by Spring Security for automatically configuring username/password login. Consider removing the AuthenticationProvider bean. Alternatively, consider using the UserDetailsService in a manually instantiated DaoAuthenticationProvider. If the current configuration is intentional, to turn off this warning, increase the logging level of 'org.springframework.security.config.annotation.authentication.configuration.InitializeUserDetailsBeanManagerConfigurer' to ERROR
2026-01-18 05:10:50.734 [main] WARN  o.s.b.j.a.JpaBaseConfiguration$JpaWebConfiguration - spring.jpa.open-in-view is enabled by default. Therefore, database queries may be performed during view rendering. Explicitly configure spring.jpa.open-in-view to disable this warning
2026-01-18 05:10:51.571 [main] INFO  c.example.demo.DemoApplicationTests - Started DemoApplicationTests in 5.289 seconds (process running for 9.69)
2026-01-18 05:10:52.368 [main] DEBUG c.e.d.service.UserDetailsServiceImpl - Attempting to load user by username: 'testuser'
2026-01-18 05:10:52.369 [main] INFO  c.e.d.service.UserDetailsServiceImpl - User 'testuser' loaded successfully with role: STUDENT
2026-01-18 05:10:52.370 [main] DEBUG c.e.d.service.UserDetailsServiceImpl - UserDetails object created for user 'testuser' with authorities: [ROLE_STUDENT]
2026-01-18 05:10:52.373 [main] DEBUG c.e.d.service.UserDetailsServiceImpl - Attempting to load user by username: 'nonexistent'
2026-01-18 05:10:52.373 [main] ERROR c.e.d.service.UserDetailsServiceImpl - User not found: 'nonexistent'
2026-01-18 05:10:52.373 [main] WARN  c.e.d.service.UserDetailsServiceImpl - Failed to load user: 'nonexistent'
2026-01-18 05:10:52.377 [main] DEBUG c.e.d.service.UserDetailsServiceImpl - Attempting to load user by username: 'admin'
2026-01-18 05:10:52.378 [main] INFO  c.e.d.service.UserDetailsServiceImpl - User 'admin' loaded successfully with role: ADMIN
2026-01-18 05:10:52.378 [main] DEBUG c.e.d.service.UserDetailsServiceImpl - UserDetails object created for user 'admin' with authorities: [ROLE_ADMIN]
2026-01-18 05:10:52.382 [main] DEBUG c.e.d.service.UserDetailsServiceImpl - Attempting to load user by username: 'teacher'
2026-01-18 05:10:52.382 [main] INFO  c.e.d.service.UserDetailsServiceImpl - User 'teacher' loaded successfully with role: ADMIN
2026-01-18 05:10:52.382 [main] DEBUG c.e.d.service.UserDetailsServiceImpl - UserDetails object created for user 'teacher' with authorities: [ROLE_ADMIN]
2026-01-18 05:10:52.408 [SpringApplicationShutdownHook] INFO  o.s.o.j.LocalContainerEntityManagerFactoryBean - Closing JPA EntityManagerFactory for persistence unit 'default'
2026-01-18 05:10:52.411 [SpringApplicationShutdownHook] INFO  com.zaxxer.hikari.HikariDataSource - HikariPool-1 - Shutdown initiated...
2026-01-18 05:10:52.420 [SpringApplicationShutdownHook] INFO  com.zaxxer.hikari.HikariDataSource - HikariPool-1 - Shutdown completed.
2026-01-18 05:14:13.207 [main] INFO  c.example.demo.DemoApplicationTests - Starting DemoApplicationTests using Java 21.0.6 with PID 8180 (started by priya in C:\demo)
2026-01-18 05:14:13.208 [main] DEBUG c.example.demo.DemoApplicationTests - Running with Spring Boot v4.0.1, Spring v7.0.2
2026-01-18 05:14:13.210 [main] INFO  c.example.demo.DemoApplicationTests - No active profile set, falling back to 1 default profile: "default"
2026-01-18 05:14:14.021 [main] INFO  o.s.d.r.c.RepositoryConfigurationDelegate - Bootstrapping Spring Data JPA repositories in DEFAULT mode.
2026-01-18 05:14:14.105 [main] INFO  o.s.d.r.c.RepositoryConfigurationDelegate - Finished Spring Data repository scanning in 69 ms. Found 3 JPA repository interfaces.
2026-01-18 05:14:15.174 [main] INFO  o.s.o.j.p.SpringPersistenceUnitInfo - No LoadTimeWeaver setup: ignoring JPA class transformer
2026-01-18 05:14:15.214 [main] INFO  com.zaxxer.hikari.HikariDataSource - HikariPool-1 - Starting...
2026-01-18 05:14:15.428 [main] INFO  com.zaxxer.hikari.pool.HikariPool - HikariPool-1 - Added connection com.mysql.cj.jdbc.ConnectionImpl@52b7c1d9
2026-01-18 05:14:15.429 [main] INFO  com.zaxxer.hikari.HikariDataSource - HikariPool-1 - Start completed.
2026-01-18 05:14:15.506 [main] WARN  org.hibernate.orm.deprecation - HHH90000025: MySQLDialect does not need to be specified explicitly using 'hibernate.dialect' (remove the property setting and it will be selected by default)
2026-01-18 05:14:16.643 [main] INFO  o.s.o.j.LocalContainerEntityManagerFactoryBean - Initialized JPA EntityManagerFactory for persistence unit 'default'
2026-01-18 05:14:16.760 [main] INFO  o.s.d.j.r.q.QueryEnhancerFactories - Hibernate is in classpath; If applicable, HQL parser will be used.
2026-01-18 05:14:17.060 [main] INFO  o.s.s.c.a.a.c.InitializeAuthenticationProviderBeanManagerConfigurer$InitializeAuthenticationProviderManagerConfigurer - Global AuthenticationManager configured with AuthenticationProvider bean with name authenticationProvider
2026-01-18 05:14:17.061 [main] WARN  o.s.s.c.a.a.c.InitializeUserDetailsBeanManagerConfigurer$InitializeUserDetailsManagerConfigurer - Global AuthenticationManager configured with an AuthenticationProvider bean. UserDetailsService beans will not be used by Spring Security for automatically configuring username/password login. Consider removing the AuthenticationProvider bean. Alternatively, consider using the UserDetailsService in a manually instantiated DaoAuthenticationProvider. If the current configuration is intentional, to turn off this warning, increase the logging level of 'org.springframework.security.config.annotation.authentication.configuration.InitializeUserDetailsBeanManagerConfigurer' to ERROR
2026-01-18 05:14:17.099 [main] WARN  o.s.b.j.a.JpaBaseConfiguration$JpaWebConfiguration - spring.jpa.open-in-view is enabled by default. Therefore, database queries may be performed during view rendering. Explicitly configure spring.jpa.open-in-view to disable this warning
2026-01-18 05:14:17.941 [main] INFO  c.example.demo.DemoApplicationTests - Started DemoApplicationTests in 5.242 seconds (process running for 9.335)
2026-01-18 05:14:18.662 [main] DEBUG c.e.d.service.UserDetailsServiceImpl - Attempting to load user by username: 'testuser'
2026-01-18 05:14:18.663 [main] INFO  c.e.d.service.UserDetailsServiceImpl - User 'testuser' loaded successfully with role: STUDENT
2026-01-18 05:14:18.663 [main] DEBUG c.e.d.service.UserDetailsServiceImpl - UserDetails object created for user 'testuser' with authorities: [ROLE_STUDENT]
2026-01-18 05:14:18.667 [main] DEBUG c.e.d.service.UserDetailsServiceImpl - Attempting to load user by username: 'nonexistent'
2026-01-18 05:14:18.667 [main] ERROR c.e.d.service.UserDetailsServiceImpl - User not found: 'nonexistent'
2026-01-18 05:14:18.668 [main] WARN  c.e.d.service.UserDetailsServiceImpl - Failed to load user: 'nonexistent'
2026-01-18 05:14:18.671 [main] DEBUG c.e.d.service.UserDetailsServiceImpl - Attempting to load user by username: 'admin'
2026-01-18 05:14:18.671 [main] INFO  c.e.d.service.UserDetailsServiceImpl - User 'admin' loaded successfully with role: ADMIN
2026-01-18 05:14:18.671 [main] DEBUG c.e.d.service.UserDetailsServiceImpl - UserDetails object created for user 'admin' with authorities: [ROLE_ADMIN]
2026-01-18 05:14:18.673 [main] DEBUG c.e.d.service.UserDetailsServiceImpl - Attempting to load user by username: 'teacher'
2026-01-18 05:14:18.674 [main] INFO  c.e.d.service.UserDetailsServiceImpl - User 'teacher' loaded successfully with role: ADMIN
2026-01-18 05:14:18.674 [main] DEBUG c.e.d.service.UserDetailsServiceImpl - UserDetails object created for user 'teacher' with authorities: [ROLE_ADMIN]
2026-01-18 05:14:18.697 [SpringApplicationShutdownHook] INFO  o.s.o.j.LocalContainerEntityManagerFactoryBean - Closing JPA EntityManagerFactory for persistence unit 'default'
2026-01-18 05:14:18.700 [SpringApplicationShutdownHook] INFO  com.zaxxer.hikari.HikariDataSource - HikariPool-1 - Shutdown initiated...
2026-01-18 05:14:18.707 [SpringApplicationShutdownHook] INFO  com.zaxxer.hikari.HikariDataSource - HikariPool-1 - Shutdown completed.
2026-01-18 05:14:27.850 [main] INFO  com.example.demo.DemoApplication - Starting DemoApplication using Java 21.0.6 with PID 16936 (C:\demo\target\classes started by priya in C:\demo)
2026-01-18 05:14:27.856 [main] DEBUG com.example.demo.DemoApplication - Running with Spring Boot v4.0.1, Spring v7.0.2
2026-01-18 05:14:27.857 [main] INFO  com.example.demo.DemoApplication - No active profile set, falling back to 1 default profile: "default"
2026-01-18 05:14:28.983 [main] INFO  o.s.d.r.c.RepositoryConfigurationDelegate - Bootstrapping Spring Data JPA repositories in DEFAULT mode.
2026-01-18 05:14:29.082 [main] INFO  o.s.d.r.c.RepositoryConfigurationDelegate - Finished Spring Data repository scanning in 84 ms. Found 3 JPA repository interfaces.
2026-01-18 05:14:30.133 [main] INFO  o.s.boot.tomcat.TomcatWebServer - Tomcat initialized with port 8080 (http)
2026-01-18 05:14:30.155 [main] INFO  o.a.coyote.http11.Http11NioProtocol - Initializing ProtocolHandler ["http-nio-8080"]
2026-01-18 05:14:30.159 [main] INFO  o.a.catalina.core.StandardService - Starting service [Tomcat]
2026-01-18 05:14:30.160 [main] INFO  o.a.catalina.core.StandardEngine - Starting Servlet engine: [Apache Tomcat/11.0.15]
2026-01-18 05:14:30.256 [main] INFO  o.s.b.w.c.s.WebApplicationContextInitializer - Root WebApplicationContext: initialization completed in 2310 ms
2026-01-18 05:14:31.353 [main] INFO  o.s.o.j.p.SpringPersistenceUnitInfo - No LoadTimeWeaver setup: ignoring JPA class transformer
2026-01-18 05:14:31.413 [main] INFO  com.zaxxer.hikari.HikariDataSource - HikariPool-1 - Starting...
2026-01-18 05:14:31.687 [main] INFO  com.zaxxer.hikari.pool.HikariPool - HikariPool-1 - Added connection com.mysql.cj.jdbc.ConnectionImpl@6071631f
2026-01-18 05:14:31.692 [main] INFO  com.zaxxer.hikari.HikariDataSource - HikariPool-1 - Start completed.
2026-01-18 05:14:31.763 [main] WARN  org.hibernate.orm.deprecation - HHH90000025: MySQLDialect does not need to be specified explicitly using 'hibernate.dialect' (remove the property setting and it will be selected by default)
2026-01-18 05:14:33.188 [main] INFO  o.s.o.j.LocalContainerEntityManagerFactoryBean - Initialized JPA EntityManagerFactory for persistence unit 'default'
2026-01-18 05:14:33.289 [main] INFO  o.s.d.j.r.q.QueryEnhancerFactories - Hibernate is in classpath; If applicable, HQL parser will be used.
2026-01-18 05:14:33.676 [main] INFO  o.s.s.c.a.a.c.InitializeAuthenticationProviderBeanManagerConfigurer$InitializeAuthenticationProviderManagerConfigurer - Global AuthenticationManager configured with AuthenticationProvider bean with name authenticationProvider
2026-01-18 05:14:33.677 [main] WARN  o.s.s.c.a.a.c.InitializeUserDetailsBeanManagerConfigurer$InitializeUserDetailsManagerConfigurer - Global AuthenticationManager configured with an AuthenticationProvider bean. UserDetailsService beans will not be used by Spring Security for automatically configuring username/password login. Consider removing the AuthenticationProvider bean. Alternatively, consider using the UserDetailsService in a manually instantiated DaoAuthenticationProvider. If the current configuration is intentional, to turn off this warning, increase the logging level of 'org.springframework.security.config.annotation.authentication.configuration.InitializeUserDetailsBeanManagerConfigurer' to ERROR
2026-01-18 05:14:33.704 [main] WARN  o.s.b.j.a.JpaBaseConfiguration$JpaWebConfiguration - spring.jpa.open-in-view is enabled by default. Therefore, database queries may be performed during view rendering. Explicitly configure spring.jpa.open-in-view to disable this warning
2026-01-18 05:14:34.362 [main] INFO  o.a.coyote.http11.Http11NioProtocol - Starting ProtocolHandler ["http-nio-8080"]
2026-01-18 05:14:34.395 [main] INFO  o.s.boot.tomcat.TomcatWebServer - Tomcat started on port 8080 (http) with context path '/'
2026-01-18 05:14:34.403 [main] INFO  com.example.demo.DemoApplication - Started DemoApplication in 7.452 seconds (process running for 8.569)
2026-01-18 05:14:39.592 [SpringApplicationShutdownHook] INFO  o.s.boot.tomcat.GracefulShutdown - Commencing graceful shutdown. Waiting for active requests to complete
2026-01-18 05:14:39.712 [tomcat-shutdown] INFO  o.s.boot.tomcat.GracefulShutdown - Graceful shutdown complete
2026-01-18 05:14:39.722 [SpringApplicationShutdownHook] INFO  o.s.o.j.LocalContainerEntityManagerFactoryBean - Closing JPA EntityManagerFactory for persistence unit 'default'
2026-01-18 05:14:39.726 [SpringApplicationShutdownHook] INFO  com.zaxxer.hikari.HikariDataSource - HikariPool-1 - Shutdown initiated...
2026-01-18 05:14:39.738 [SpringApplicationShutdownHook] INFO  com.zaxxer.hikari.HikariDataSource - HikariPool-1 - Shutdown completed.
2026-01-18 05:18:32.470 [main] INFO  c.example.demo.DemoApplicationTests - Starting DemoApplicationTests using Java 21.0.6 with PID 5424 (started by priya in C:\demo)
2026-01-18 05:18:32.472 [main] DEBUG c.example.demo.DemoApplicationTests - Running with Spring Boot v4.0.1, Spring v7.0.2
2026-01-18 05:18:32.473 [main] INFO  c.example.demo.DemoApplicationTests - No active profile set, falling back to 1 default profile: "default"
2026-01-18 05:18:33.741 [main] INFO  o.s.d.r.c.RepositoryConfigurationDelegate - Bootstrapping Spring Data JPA repositories in DEFAULT mode.
2026-01-18 05:18:33.877 [main] INFO  o.s.d.r.c.RepositoryConfigurationDelegate - Finished Spring Data repository scanning in 115 ms. Found 3 JPA repository interfaces.
2026-01-18 05:18:36.728 [main] INFO  o.s.o.j.p.SpringPersistenceUnitInfo - No LoadTimeWeaver setup: ignoring JPA class transformer
2026-01-18 05:18:36.808 [main] INFO  com.zaxxer.hikari.HikariDataSource - HikariPool-1 - Starting...
2026-01-18 05:18:37.188 [main] INFO  com.zaxxer.hikari.pool.HikariPool - HikariPool-1 - Added connection com.mysql.cj.jdbc.ConnectionImpl@7789526e
2026-01-18 05:18:37.194 [main] INFO  com.zaxxer.hikari.HikariDataSource - HikariPool-1 - Start completed.
2026-01-18 05:18:37.304 [main] WARN  org.hibernate.orm.deprecation - HHH90000025: MySQLDialect does not need to be specified explicitly using 'hibernate.dialect' (remove the property setting and it will be selected by default)
2026-01-18 05:18:39.472 [main] INFO  o.s.o.j.LocalContainerEntityManagerFactoryBean - Initialized JPA EntityManagerFactory for persistence unit 'default'
2026-01-18 05:18:39.676 [main] INFO  o.s.d.j.r.q.QueryEnhancerFactories - Hibernate is in classpath; If applicable, HQL parser will be used.
2026-01-18 05:18:40.410 [main] INFO  o.s.s.c.a.a.c.InitializeAuthenticationProviderBeanManagerConfigurer$InitializeAuthenticationProviderManagerConfigurer - Global AuthenticationManager configured with AuthenticationProvider bean with name authenticationProvider
2026-01-18 05:18:40.411 [main] WARN  o.s.s.c.a.a.c.InitializeUserDetailsBeanManagerConfigurer$InitializeUserDetailsManagerConfigurer - Global AuthenticationManager configured with an AuthenticationProvider bean. UserDetailsService beans will not be used by Spring Security for automatically configuring username/password login. Consider removing the AuthenticationProvider bean. Alternatively, consider using the UserDetailsService in a manually instantiated DaoAuthenticationProvider. If the current configuration is intentional, to turn off this warning, increase the logging level of 'org.springframework.security.config.annotation.authentication.configuration.InitializeUserDetailsBeanManagerConfigurer' to ERROR
2026-01-18 05:18:40.483 [main] WARN  o.s.b.j.a.JpaBaseConfiguration$JpaWebConfiguration - spring.jpa.open-in-view is enabled by default. Therefore, database queries may be performed during view rendering. Explicitly configure spring.jpa.open-in-view to disable this warning
2026-01-18 05:18:42.000 [main] INFO  c.example.demo.DemoApplicationTests - Started DemoApplicationTests in 10.147 seconds (process running for 15.503)
2026-01-18 05:18:43.446 [main] DEBUG c.e.d.service.UserDetailsServiceImpl - Attempting to load user by username: 'testuser'
2026-01-18 05:18:43.448 [main] INFO  c.e.d.service.UserDetailsServiceImpl - User 'testuser' loaded successfully with role: STUDENT
2026-01-18 05:18:43.448 [main] DEBUG c.e.d.service.UserDetailsServiceImpl - UserDetails object created for user 'testuser' with authorities: [ROLE_STUDENT]
2026-01-18 05:18:43.456 [main] DEBUG c.e.d.service.UserDetailsServiceImpl - Attempting to load user by username: 'nonexistent'
2026-01-18 05:18:43.457 [main] ERROR c.e.d.service.UserDetailsServiceImpl - User not found: 'nonexistent'
2026-01-18 05:18:43.458 [main] WARN  c.e.d.service.UserDetailsServiceImpl - Failed to load user: 'nonexistent'
2026-01-18 05:18:43.466 [main] DEBUG c.e.d.service.UserDetailsServiceImpl - Attempting to load user by username: 'admin'
2026-01-18 05:18:43.467 [main] INFO  c.e.d.service.UserDetailsServiceImpl - User 'admin' loaded successfully with role: ADMIN
2026-01-18 05:18:43.468 [main] DEBUG c.e.d.service.UserDetailsServiceImpl - UserDetails object created for user 'admin' with authorities: [ROLE_ADMIN]
2026-01-18 05:18:43.474 [main] DEBUG c.e.d.service.UserDetailsServiceImpl - Attempting to load user by username: 'teacher'
2026-01-18 05:18:43.474 [main] INFO  c.e.d.service.UserDetailsServiceImpl - User 'teacher' loaded successfully with role: ADMIN
2026-01-18 05:18:43.474 [main] DEBUG c.e.d.service.UserDetailsServiceImpl - UserDetails object created for user 'teacher' with authorities: [ROLE_ADMIN]
2026-01-18 05:18:43.510 [SpringApplicationShutdownHook] INFO  o.s.o.j.LocalContainerEntityManagerFactoryBean - Closing JPA EntityManagerFactory for persistence unit 'default'
2026-01-18 05:18:43.516 [SpringApplicationShutdownHook] INFO  com.zaxxer.hikari.HikariDataSource - HikariPool-1 - Shutdown initiated...
2026-01-18 05:18:43.530 [SpringApplicationShutdownHook] INFO  com.zaxxer.hikari.HikariDataSource - HikariPool-1 - Shutdown completed.
2026-01-18 22:51:47.132 [main] INFO  com.example.demo.DemoApplication - Starting DemoApplication using Java 21.0.6 with PID 8208 (C:\demo\target\classes started by priya in C:\demo)
2026-01-18 22:51:47.135 [main] DEBUG com.example.demo.DemoApplication - Running with Spring Boot v4.0.1, Spring v7.0.2
2026-01-18 22:51:47.136 [main] INFO  com.example.demo.DemoApplication - No active profile set, falling back to 1 default profile: "default"
2026-01-18 22:51:47.968 [main] INFO  o.s.d.r.c.RepositoryConfigurationDelegate - Bootstrapping Spring Data JPA repositories in DEFAULT mode.
2026-01-18 22:51:48.041 [main] INFO  o.s.d.r.c.RepositoryConfigurationDelegate - Finished Spring Data repository scanning in 60 ms. Found 3 JPA repository interfaces.
2026-01-18 22:51:48.750 [main] INFO  o.s.boot.tomcat.TomcatWebServer - Tomcat initialized with port 8080 (http)
2026-01-18 22:51:48.766 [main] INFO  o.a.coyote.http11.Http11NioProtocol - Initializing ProtocolHandler ["http-nio-8080"]
2026-01-18 22:51:48.768 [main] INFO  o.a.catalina.core.StandardService - Starting service [Tomcat]
2026-01-18 22:51:48.768 [main] INFO  o.a.catalina.core.StandardEngine - Starting Servlet engine: [Apache Tomcat/11.0.15]
2026-01-18 22:51:48.833 [main] INFO  o.s.b.w.c.s.WebApplicationContextInitializer - Root WebApplicationContext: initialization completed in 1645 ms
2026-01-18 22:51:49.562 [main] INFO  o.s.o.j.p.SpringPersistenceUnitInfo - No LoadTimeWeaver setup: ignoring JPA class transformer
2026-01-18 22:51:49.603 [main] INFO  com.zaxxer.hikari.HikariDataSource - HikariPool-1 - Starting...
2026-01-18 22:51:49.775 [main] INFO  com.zaxxer.hikari.pool.HikariPool - HikariPool-1 - Added connection com.mysql.cj.jdbc.ConnectionImpl@6071631f
2026-01-18 22:51:49.777 [main] INFO  com.zaxxer.hikari.HikariDataSource - HikariPool-1 - Start completed.
2026-01-18 22:51:49.830 [main] WARN  org.hibernate.orm.deprecation - HHH90000025: MySQLDialect does not need to be specified explicitly using 'hibernate.dialect' (remove the property setting and it will be selected by default)
2026-01-18 22:51:50.974 [main] INFO  o.s.o.j.LocalContainerEntityManagerFactoryBean - Initialized JPA EntityManagerFactory for persistence unit 'default'
2026-01-18 22:51:51.060 [main] INFO  o.s.d.j.r.q.QueryEnhancerFactories - Hibernate is in classpath; If applicable, HQL parser will be used.
2026-01-18 22:51:51.431 [main] INFO  o.s.s.c.a.a.c.InitializeAuthenticationProviderBeanManagerConfigurer$InitializeAuthenticationProviderManagerConfigurer - Global AuthenticationManager configured with AuthenticationProvider bean with name authenticationProvider
2026-01-18 22:51:51.432 [main] WARN  o.s.s.c.a.a.c.InitializeUserDetailsBeanManagerConfigurer$InitializeUserDetailsManagerConfigurer - Global AuthenticationManager configured with an AuthenticationProvider bean. UserDetailsService beans will not be used by Spring Security for automatically configuring username/password login. Consider removing the AuthenticationProvider bean. Alternatively, consider using the UserDetailsService in a manually instantiated DaoAuthenticationProvider. If the current configuration is intentional, to turn off this warning, increase the logging level of 'org.springframework.security.config.annotation.authentication.configuration.InitializeUserDetailsBeanManagerConfigurer' to ERROR
2026-01-18 22:51:51.462 [main] WARN  o.s.b.j.a.JpaBaseConfiguration$JpaWebConfiguration - spring.jpa.open-in-view is enabled by default. Therefore, database queries may be performed during view rendering. Explicitly configure spring.jpa.open-in-view to disable this warning
2026-01-18 22:51:52.435 [main] INFO  o.a.coyote.http11.Http11NioProtocol - Starting ProtocolHandler ["http-nio-8080"]
2026-01-18 22:51:52.483 [main] INFO  o.s.boot.tomcat.TomcatWebServer - Tomcat started on port 8080 (http) with context path '/'
2026-01-18 22:51:52.499 [main] INFO  com.example.demo.DemoApplication - Started DemoApplication in 5.934 seconds (process running for 6.585)
2026-01-18 22:53:05.801 [http-nio-8080-exec-2] INFO  o.a.c.c.C.[Tomcat].[localhost].[/] - Initializing Spring DispatcherServlet 'dispatcherServlet'
2026-01-18 22:53:05.801 [http-nio-8080-exec-2] INFO  o.s.web.servlet.DispatcherServlet - Initializing Servlet 'dispatcherServlet'
2026-01-18 22:53:05.803 [http-nio-8080-exec-2] INFO  o.s.web.servlet.DispatcherServlet - Completed initialization in 2 ms
2026-01-18 22:53:06.013 [http-nio-8080-exec-2] INFO  c.e.demo.controller.AuthController - Login attempt for username: admin
2026-01-18 22:53:06.095 [http-nio-8080-exec-2] DEBUG c.e.d.service.UserDetailsServiceImpl - Attempting to load user by username: 'admin'
2026-01-18 22:53:06.102 [http-nio-8080-exec-2] INFO  c.e.d.service.UserDetailsServiceImpl - User 'admin' loaded successfully with role: ADMIN
2026-01-18 22:53:06.103 [http-nio-8080-exec-2] DEBUG c.e.d.service.UserDetailsServiceImpl - UserDetails object created for user 'admin' with authorities: [ROLE_ADMIN]
2026-01-18 22:55:02.355 [http-nio-8080-exec-5] INFO  c.e.demo.controller.AuthController - Registration attempt for username: admin
2026-01-18 22:55:20.291 [http-nio-8080-exec-6] INFO  c.e.demo.controller.AuthController - Registration attempt for username: pkk
2026-01-18 22:55:22.151 [http-nio-8080-exec-7] INFO  c.e.demo.controller.AuthController - Registration attempt for username: pkk
2026-01-18 22:55:49.728 [http-nio-8080-exec-8] DEBUG c.e.d.service.UserDetailsServiceImpl - Attempting to load user by username: 'admin'
2026-01-18 22:55:49.731 [http-nio-8080-exec-8] INFO  c.e.d.service.UserDetailsServiceImpl - User 'admin' loaded successfully with role: ADMIN
2026-01-18 22:55:49.732 [http-nio-8080-exec-8] DEBUG c.e.d.service.UserDetailsServiceImpl - UserDetails object created for user 'admin' with authorities: [ROLE_ADMIN]
2026-01-18 22:55:49.738 [http-nio-8080-exec-8] INFO  c.e.demo.controller.AuthController - Registration attempt for username: pkk
2026-01-18 22:55:49.738 [http-nio-8080-exec-8] DEBUG c.e.demo.controller.AuthController - Registration request by admin: admin
2026-01-18 22:55:49.757 [http-nio-8080-exec-8] WARN  c.e.demo.controller.AuthController - Registration failed: Email priyam@gmail.com already exists
2026-01-18 22:55:58.310 [http-nio-8080-exec-9] DEBUG c.e.d.service.UserDetailsServiceImpl - Attempting to load user by username: 'admin'
2026-01-18 22:55:58.312 [http-nio-8080-exec-9] INFO  c.e.d.service.UserDetailsServiceImpl - User 'admin' loaded successfully with role: ADMIN
2026-01-18 22:55:58.313 [http-nio-8080-exec-9] DEBUG c.e.d.service.UserDetailsServiceImpl - UserDetails object created for user 'admin' with authorities: [ROLE_ADMIN]
2026-01-18 22:55:58.319 [http-nio-8080-exec-9] INFO  c.e.demo.controller.AuthController - Registration attempt for username: pkk
2026-01-18 22:55:58.319 [http-nio-8080-exec-9] DEBUG c.e.demo.controller.AuthController - Registration request by admin: admin
2026-01-18 22:55:58.448 [http-nio-8080-exec-9] INFO  c.e.demo.controller.AuthController - User pkk registered successfully by admin admin with role STUDENT
2026-01-18 22:56:50.261 [http-nio-8080-exec-1] DEBUG c.e.d.service.UserDetailsServiceImpl - Attempting to load user by username: 'admin'
2026-01-18 22:56:50.264 [http-nio-8080-exec-1] INFO  c.e.d.service.UserDetailsServiceImpl - User 'admin' loaded successfully with role: ADMIN
2026-01-18 22:56:50.264 [http-nio-8080-exec-1] DEBUG c.e.d.service.UserDetailsServiceImpl - UserDetails object created for user 'admin' with authorities: [ROLE_ADMIN]
2026-01-18 22:56:50.276 [http-nio-8080-exec-1] INFO  c.e.d.c.AssignmentController - Assignment creation request received for title: 'Java Assignment 1'
2026-01-18 22:56:50.276 [http-nio-8080-exec-1] DEBUG c.e.d.c.AssignmentController - User 'admin' with role 'ADMIN' attempting to create assignment
2026-01-18 22:56:50.309 [http-nio-8080-exec-1] INFO  c.e.d.c.AssignmentController - Assignment 'Java Assignment 1' (ID: 2) created successfully by admin 'admin'
2026-01-18 22:57:06.867 [http-nio-8080-exec-2] DEBUG c.e.d.service.UserDetailsServiceImpl - Attempting to load user by username: 'admin'
2026-01-18 22:57:06.870 [http-nio-8080-exec-2] INFO  c.e.d.service.UserDetailsServiceImpl - User 'admin' loaded successfully with role: ADMIN
2026-01-18 22:57:06.871 [http-nio-8080-exec-2] DEBUG c.e.d.service.UserDetailsServiceImpl - UserDetails object created for user 'admin' with authorities: [ROLE_ADMIN]
2026-01-18 22:57:06.875 [http-nio-8080-exec-2] INFO  c.e.d.c.AssignmentController - Request to fetch all assignments
2026-01-18 22:57:06.875 [http-nio-8080-exec-2] DEBUG c.e.d.c.AssignmentController - User 'admin' with role 'ADMIN' fetching assignments
2026-01-18 22:57:06.901 [http-nio-8080-exec-2] INFO  c.e.d.c.AssignmentController - Retrieved 2 assignments for user 'admin'
2026-01-18 22:57:47.185 [http-nio-8080-exec-3] DEBUG c.e.d.service.UserDetailsServiceImpl - Attempting to load user by username: 'admin'
2026-01-18 22:57:47.188 [http-nio-8080-exec-3] INFO  c.e.d.service.UserDetailsServiceImpl - User 'admin' loaded successfully with role: ADMIN
2026-01-18 22:57:47.188 [http-nio-8080-exec-3] DEBUG c.e.d.service.UserDetailsServiceImpl - UserDetails object created for user 'admin' with authorities: [ROLE_ADMIN]
2026-01-18 22:57:47.199 [http-nio-8080-exec-3] INFO  c.e.d.c.AssignmentController - Marks assignment request for solution ID: 1 with marks: 90
2026-01-18 22:57:47.199 [http-nio-8080-exec-3] DEBUG c.e.d.c.AssignmentController - User 'admin' with role 'ADMIN' attempting to assign marks for solution ID: 1
2026-01-18 22:57:47.215 [http-nio-8080-exec-3] INFO  c.e.d.c.AssignmentController - Admin 'admin' assigned 90 marks to solution ID: 1 for student 'pk' (assignment: 'Java Assignment 1', previous marks: 90)
2026-01-18 22:57:53.378 [http-nio-8080-exec-4] DEBUG c.e.d.service.UserDetailsServiceImpl - Attempting to load user by username: 'admin'
2026-01-18 22:57:53.381 [http-nio-8080-exec-4] INFO  c.e.d.service.UserDetailsServiceImpl - User 'admin' loaded successfully with role: ADMIN
2026-01-18 22:57:53.381 [http-nio-8080-exec-4] DEBUG c.e.d.service.UserDetailsServiceImpl - UserDetails object created for user 'admin' with authorities: [ROLE_ADMIN]
2026-01-18 22:57:53.388 [http-nio-8080-exec-4] WARN  o.s.w.s.m.s.DefaultHandlerExceptionResolver - Resolved [org.springframework.web.HttpRequestMethodNotSupportedException: Request method 'POST' is not supported]
2026-01-18 22:57:59.352 [http-nio-8080-exec-5] DEBUG c.e.d.service.UserDetailsServiceImpl - Attempting to load user by username: 'admin'
2026-01-18 22:57:59.356 [http-nio-8080-exec-5] INFO  c.e.d.service.UserDetailsServiceImpl - User 'admin' loaded successfully with role: ADMIN
2026-01-18 22:57:59.356 [http-nio-8080-exec-5] DEBUG c.e.d.service.UserDetailsServiceImpl - UserDetails object created for user 'admin' with authorities: [ROLE_ADMIN]
2026-01-18 22:57:59.360 [http-nio-8080-exec-5] INFO  c.e.d.c.AssignmentController - Request to fetch all assignments
2026-01-18 22:57:59.360 [http-nio-8080-exec-5] DEBUG c.e.d.c.AssignmentController - User 'admin' with role 'ADMIN' fetching assignments
2026-01-18 22:57:59.365 [http-nio-8080-exec-5] INFO  c.e.d.c.AssignmentController - Retrieved 2 assignments for user 'admin'
2026-01-18 22:58:17.580 [SpringApplicationShutdownHook] INFO  o.s.boot.tomcat.GracefulShutdown - Commencing graceful shutdown. Waiting for active requests to complete
2026-01-18 22:58:17.598 [tomcat-shutdown] INFO  o.s.boot.tomcat.GracefulShutdown - Graceful shutdown complete
2026-01-18 22:58:17.601 [SpringApplicationShutdownHook] INFO  o.s.o.j.LocalContainerEntityManagerFactoryBean - Closing JPA EntityManagerFactory for persistence unit 'default'
2026-01-18 22:58:17.603 [SpringApplicationShutdownHook] INFO  com.zaxxer.hikari.HikariDataSource - HikariPool-1 - Shutdown initiated...
2026-01-18 22:58:17.611 [SpringApplicationShutdownHook] INFO  com.zaxxer.hikari.HikariDataSource - HikariPool-1 - Shutdown completed.
2026-01-18 22:59:04.372 [main] INFO  c.example.demo.DemoApplicationTests - Starting DemoApplicationTests using Java 21.0.6 with PID 16556 (started by priya in C:\demo)
2026-01-18 22:59:04.374 [main] DEBUG c.example.demo.DemoApplicationTests - Running with Spring Boot v4.0.1, Spring v7.0.2
2026-01-18 22:59:04.375 [main] INFO  c.example.demo.DemoApplicationTests - No active profile set, falling back to 1 default profile: "default"
2026-01-18 22:59:05.000 [main] INFO  o.s.d.r.c.RepositoryConfigurationDelegate - Bootstrapping Spring Data JPA repositories in DEFAULT mode.
2026-01-18 22:59:05.072 [main] INFO  o.s.d.r.c.RepositoryConfigurationDelegate - Finished Spring Data repository scanning in 59 ms. Found 3 JPA repository interfaces.
2026-01-18 22:59:05.873 [main] INFO  o.s.o.j.p.SpringPersistenceUnitInfo - No LoadTimeWeaver setup: ignoring JPA class transformer
2026-01-18 22:59:05.904 [main] INFO  com.zaxxer.hikari.HikariDataSource - HikariPool-1 - Starting...
2026-01-18 22:59:06.063 [main] INFO  com.zaxxer.hikari.pool.HikariPool - HikariPool-1 - Added connection com.mysql.cj.jdbc.ConnectionImpl@71842e18
2026-01-18 22:59:06.065 [main] INFO  com.zaxxer.hikari.HikariDataSource - HikariPool-1 - Start completed.
2026-01-18 22:59:06.111 [main] WARN  org.hibernate.orm.deprecation - HHH90000025: MySQLDialect does not need to be specified explicitly using 'hibernate.dialect' (remove the property setting and it will be selected by default)
2026-01-18 22:59:06.928 [main] INFO  o.s.o.j.LocalContainerEntityManagerFactoryBean - Initialized JPA EntityManagerFactory for persistence unit 'default'
2026-01-18 22:59:07.025 [main] INFO  o.s.d.j.r.q.QueryEnhancerFactories - Hibernate is in classpath; If applicable, HQL parser will be used.
2026-01-18 22:59:07.295 [main] INFO  o.s.s.c.a.a.c.InitializeAuthenticationProviderBeanManagerConfigurer$InitializeAuthenticationProviderManagerConfigurer - Global AuthenticationManager configured with AuthenticationProvider bean with name authenticationProvider
2026-01-18 22:59:07.296 [main] WARN  o.s.s.c.a.a.c.InitializeUserDetailsBeanManagerConfigurer$InitializeUserDetailsManagerConfigurer - Global AuthenticationManager configured with an AuthenticationProvider bean. UserDetailsService beans will not be used by Spring Security for automatically configuring username/password login. Consider removing the AuthenticationProvider bean. Alternatively, consider using the UserDetailsService in a manually instantiated DaoAuthenticationProvider. If the current configuration is intentional, to turn off this warning, increase the logging level of 'org.springframework.security.config.annotation.authentication.configuration.InitializeUserDetailsBeanManagerConfigurer' to ERROR
2026-01-18 22:59:07.331 [main] WARN  o.s.b.j.a.JpaBaseConfiguration$JpaWebConfiguration - spring.jpa.open-in-view is enabled by default. Therefore, database queries may be performed during view rendering. Explicitly configure spring.jpa.open-in-view to disable this warning
2026-01-18 22:59:07.985 [main] INFO  c.example.demo.DemoApplicationTests - Started DemoApplicationTests in 3.987 seconds (process running for 6.742)
2026-01-18 22:59:08.670 [main] DEBUG c.e.d.service.UserDetailsServiceImpl - Attempting to load user by username: 'testuser'
2026-01-18 22:59:08.671 [main] INFO  c.e.d.service.UserDetailsServiceImpl - User 'testuser' loaded successfully with role: STUDENT
2026-01-18 22:59:08.672 [main] DEBUG c.e.d.service.UserDetailsServiceImpl - UserDetails object created for user 'testuser' with authorities: [ROLE_STUDENT]
2026-01-18 22:59:08.676 [main] DEBUG c.e.d.service.UserDetailsServiceImpl - Attempting to load user by username: 'nonexistent'
2026-01-18 22:59:08.677 [main] ERROR c.e.d.service.UserDetailsServiceImpl - User not found: 'nonexistent'
2026-01-18 22:59:08.677 [main] WARN  c.e.d.service.UserDetailsServiceImpl - Failed to load user: 'nonexistent'
2026-01-18 22:59:08.680 [main] DEBUG c.e.d.service.UserDetailsServiceImpl - Attempting to load user by username: 'admin'
2026-01-18 22:59:08.680 [main] INFO  c.e.d.service.UserDetailsServiceImpl - User 'admin' loaded successfully with role: ADMIN
2026-01-18 22:59:08.680 [main] DEBUG c.e.d.service.UserDetailsServiceImpl - UserDetails object created for user 'admin' with authorities: [ROLE_ADMIN]
2026-01-18 22:59:08.683 [main] DEBUG c.e.d.service.UserDetailsServiceImpl - Attempting to load user by username: 'teacher'
2026-01-18 22:59:08.684 [main] INFO  c.e.d.service.UserDetailsServiceImpl - User 'teacher' loaded successfully with role: ADMIN
2026-01-18 22:59:08.684 [main] DEBUG c.e.d.service.UserDetailsServiceImpl - UserDetails object created for user 'teacher' with authorities: [ROLE_ADMIN]
2026-01-18 22:59:08.700 [SpringApplicationShutdownHook] INFO  o.s.o.j.LocalContainerEntityManagerFactoryBean - Closing JPA EntityManagerFactory for persistence unit 'default'
2026-01-18 22:59:08.703 [SpringApplicationShutdownHook] INFO  com.zaxxer.hikari.HikariDataSource - HikariPool-1 - Shutdown initiated...
2026-01-18 22:59:08.710 [SpringApplicationShutdownHook] INFO  com.zaxxer.hikari.HikariDataSource - HikariPool-1 - Shutdown completed.
